<?xml version="1.0" encoding="UTF-8"?>
<testng-results ignored="0" total="2" passed="2" failed="0" skipped="0">
  <reporter-output>
  </reporter-output>
  <suite started-at="2021-09-28T11:44:52 IST" name="SampleSuite2" finished-at="2021-09-28T11:45:44 IST" duration-ms="51657">
    <groups>
    </groups>
    <test started-at="2021-09-28T11:44:52 IST" name="SampleTest" finished-at="2021-09-28T11:45:16 IST" duration-ms="23692">
      <class name="selenium_project.RecorderScript">
        <test-method is-config="true" signature="setup(java.lang.String)[pri:0, instance:selenium_project.RecorderScript@1e04fa0a]" started-at="2021-09-28T11:44:52 IST" name="setup" finished-at="2021-09-28T11:44:58 IST" duration-ms="5161" status="PASS">
          <params>
            <param index="0">
              <value>
                <![CDATA[Chrome]]>
              </value>
            </param>
          </params>
          <reporter-output>
          </reporter-output>
        </test-method> <!-- setup -->
        <test-method signature="testParameterWithXML()[pri:0, instance:selenium_project.RecorderScript@1e04fa0a]" started-at="2021-09-28T11:44:58 IST" name="testParameterWithXML" finished-at="2021-09-28T11:45:16 IST" duration-ms="18470" status="PASS">
          <reporter-output>
          </reporter-output>
        </test-method> <!-- testParameterWithXML -->
      </class> <!-- selenium_project.RecorderScript -->
    </test> <!-- SampleTest -->
    <test started-at="2021-09-28T11:45:16 IST" name="Sample2Test" finished-at="2021-09-28T11:45:44 IST" duration-ms="27916">
      <class name="selenium_project.RecorderScript">
        <test-method is-config="true" signature="setup(java.lang.String)[pri:0, instance:selenium_project.RecorderScript@27462a88]" started-at="2021-09-28T11:45:16 IST" name="setup" finished-at="2021-09-28T11:45:22 IST" duration-ms="5869" status="PASS">
          <params>
            <param index="0">
              <value>
                <![CDATA[Firefox]]>
              </value>
            </param>
          </params>
          <reporter-output>
          </reporter-output>
        </test-method> <!-- setup -->
        <test-method signature="testParameterWithXML()[pri:0, instance:selenium_project.RecorderScript@27462a88]" started-at="2021-09-28T11:45:22 IST" name="testParameterWithXML" finished-at="2021-09-28T11:45:44 IST" duration-ms="22039" status="PASS">
          <reporter-output>
          </reporter-output>
        </test-method> <!-- testParameterWithXML -->
      </class> <!-- selenium_project.RecorderScript -->
    </test> <!-- Sample2Test -->
  </suite> <!-- SampleSuite2 -->
</testng-results>
